<?xml version="1.0" encoding="UTF-8"?>
<!-- Generated by org.testng.reporters.JUnitReportReporter -->
<testsuite hostname="LAPTOP-D0EUV54V" failures="0" tests="3" name="com.ExpenseOnDemand.utility.AppUrl" time="26.459" errors="0" timestamp="2020-02-16T22:39:46 IST" skipped="0">
  <testcase classname="com.ExpenseOnDemand.utility.AppUrl" name="firefoxBrowser" time="13.129"/>
  <testcase classname="com.ExpenseOnDemand.utility.AppUrl" name="chromeBrowser" time="10.197"/>
  <testcase classname="com.ExpenseOnDemand.utility.AppUrl" name="ieBrowser" time="3.133"/>
</testsuite> <!-- com.ExpenseOnDemand.utility.AppUrl -->
