<?xml version="1.0" encoding="UTF-8"?>
<!-- Generated by org.testng.reporters.JUnitReportReporter -->
<testsuite hostname="LAPTOP-D0EUV54V" failures="0" tests="3" name="com.ExpenseOnDemand.utility.ProdLogin" time="20.216" errors="0" timestamp="2020-02-17T17:06:02 IST" skipped="0">
  <testcase classname="com.ExpenseOnDemand.utility.ProdLogin" name="ieBrowser" time="2.105"/>
  <testcase classname="com.ExpenseOnDemand.utility.ProdLogin" name="chromeBrowser" time="10.538"/>
  <testcase classname="com.ExpenseOnDemand.utility.ProdLogin" name="firefoxBrowser" time="7.573"/>
</testsuite> <!-- com.ExpenseOnDemand.utility.ProdLogin -->
