<?xml version="1.0" encoding="UTF-8"?>
<!-- Generated by org.testng.reporters.JUnitReportReporter -->
<testsuite hostname="AQQA-02" name="testCases_Chrome.Create_Business_Expense" tests="1" failures="0" timestamp="1 Aug 2016 05:48:33 GMT" time="62.030" errors="0">
  <testcase name="CreateBusinessExpense" time="62.030" classname="testCases_Chrome.Create_Business_Expense"/>
</testsuite> <!-- testCases_Chrome.Create_Business_Expense -->
