<?xml version="1.0" encoding="UTF-8"?>
<!-- Generated by org.testng.reporters.JUnitReportReporter -->
<testsuite hostname="AQQA-02" name="testCases_Mozilla.TC009_Create_Personal_Expense" tests="1" failures="0" timestamp="4 Apr 2017 04:45:13 GMT" time="94.994" errors="0">
  <testcase name="CreatePeronalExpense" time="94.994" classname="testCases_Mozilla.TC009_Create_Personal_Expense"/>
</testsuite> <!-- testCases_Mozilla.TC009_Create_Personal_Expense -->
