<?xml version="1.0" encoding="UTF-8"?>
<!-- Generated by org.testng.reporters.JUnitReportReporter -->
<testsuite hostname="AQQA-02" name="testCases.Create_Business_Exp_with_PNG_Receipt" tests="1" failures="0" timestamp="22 Jul 2016 05:33:52 GMT" time="108.292" errors="0">
  <testcase name="CreateBusinessExpensewithPNGReceipt" time="108.292" classname="testCases.Create_Business_Exp_with_PNG_Receipt"/>
</testsuite> <!-- testCases.Create_Business_Exp_with_PNG_Receipt -->
