<?xml version="1.0" encoding="UTF-8"?>
<!-- Generated by org.testng.reporters.JUnitReportReporter -->
<testsuite hostname="AQQA-02" name="testCases_IE.Create_Business_Expense_with_PNG_Receipt" tests="1" failures="0" timestamp="1 Aug 2016 05:48:33 GMT" time="96.819" errors="0">
  <testcase name="CreateBusinessExpensewithPNGReceipt" time="96.819" classname="testCases_IE.Create_Business_Expense_with_PNG_Receipt"/>
</testsuite> <!-- testCases_IE.Create_Business_Expense_with_PNG_Receipt -->
