<?xml version="1.0" encoding="UTF-8"?>
<!-- Generated by org.testng.reporters.JUnitReportReporter -->
<testsuite hostname="AQQA-02" name="testCases.Create_Business_Exp_with_PDF_Receipt" tests="1" failures="0" timestamp="22 Jul 2016 05:31:38 GMT" time="115.607" errors="0">
  <testcase name="CreateBusinessExpensewithPDFReceipt" time="115.607" classname="testCases.Create_Business_Exp_with_PDF_Receipt"/>
</testsuite> <!-- testCases.Create_Business_Exp_with_PDF_Receipt -->
