<?xml version="1.0" encoding="UTF-8"?>
<!-- Generated by org.testng.reporters.JUnitReportReporter -->
<testsuite hostname="AQQA-02" name="testCases_Chrome.Create_Personal_Expense" tests="1" failures="0" timestamp="1 Aug 2016 05:48:33 GMT" time="81.336" errors="0">
  <testcase name="CreatePeronalExpense" time="81.336" classname="testCases_Chrome.Create_Personal_Expense"/>
</testsuite> <!-- testCases_Chrome.Create_Personal_Expense -->
