<?xml version="1.0" encoding="UTF-8"?>
<!-- Generated by org.testng.reporters.JUnitReportReporter -->
<testsuite hostname="AQQA-02" name="testCases_Chrome.TC001_Login_to_SOLO" tests="1" failures="0" timestamp="4 Apr 2017 04:45:13 GMT" time="59.194" errors="0">
  <testcase name="LoginLogout" time="59.194" classname="testCases_Chrome.TC001_Login_to_SOLO"/>
</testsuite> <!-- testCases_Chrome.TC001_Login_to_SOLO -->
