<?xml version="1.0" encoding="UTF-8"?>
<!-- Generated by org.testng.reporters.JUnitReportReporter -->
<testsuite hostname="AQQA-02" name="testCases_Mozilla.TC003_Create_Business_Expense_Mileage" tests="3" failures="0" timestamp="18 Aug 2016 07:35:29 GMT" time="251.100" errors="0">
  <testcase name="CreateBusinessExpense_Mileage" time="95.523" classname="testCases_Mozilla.TC003_Create_Business_Expense_Mileage"/>
  <testcase name="CreateBusinessExpense_Mileage" time="58.593" classname="testCases_Mozilla.TC003_Create_Business_Expense_Mileage"/>
  <testcase name="CreateBusinessExpense_Mileage" time="96.984" classname="testCases_Mozilla.TC003_Create_Business_Expense_Mileage"/>
</testsuite> <!-- testCases_Mozilla.TC003_Create_Business_Expense_Mileage -->
