<?xml version="1.0" encoding="UTF-8"?>
<!-- Generated by org.testng.reporters.JUnitReportReporter -->
<testsuite hostname="AQQA-02" name="testCases_Mozilla.TC002_Create_Business_Expense" tests="1" failures="0" timestamp="4 Apr 2017 04:45:13 GMT" time="109.114" errors="0">
  <testcase name="CreateBusinessExpense" time="109.114" classname="testCases_Mozilla.TC002_Create_Business_Expense"/>
</testsuite> <!-- testCases_Mozilla.TC002_Create_Business_Expense -->
