<?xml version="1.0" encoding="UTF-8"?>
<!-- Generated by org.testng.reporters.JUnitReportReporter -->
<testsuite hostname="AQQA-02" name="testCases_IE.Create_Personal_Expense_with_PDF_Receipt" tests="1" failures="0" timestamp="1 Aug 2016 05:48:33 GMT" time="99.674" errors="0">
  <testcase name="CreatePersonalExpensewithPDFReceipt" time="99.674" classname="testCases_IE.Create_Personal_Expense_with_PDF_Receipt"/>
</testsuite> <!-- testCases_IE.Create_Personal_Expense_with_PDF_Receipt -->
