<?xml version="1.0" encoding="UTF-8"?>
<!-- Generated by org.testng.reporters.JUnitReportReporter -->
<testsuite hostname="AQQA-02" name="testCases_Chrome.TC011_Create_Personal_Expense_with_PNG_Receipt" tests="1" failures="0" timestamp="10 Mar 2017 15:53:46 GMT" time="89.996" errors="0">
  <testcase name="CreatePersonalExpensewithPNGReceipt" time="89.996" classname="testCases_Chrome.TC011_Create_Personal_Expense_with_PNG_Receipt"/>
</testsuite> <!-- testCases_Chrome.TC011_Create_Personal_Expense_with_PNG_Receipt -->
