<?xml version="1.0" encoding="UTF-8"?>
<!-- Generated by org.testng.reporters.JUnitReportReporter -->
<testsuite hostname="AQQA-02" name="testCases_Mozilla.Create_Business_Expense_with_PDF_Receipt" tests="1" failures="0" timestamp="1 Aug 2016 05:48:33 GMT" time="106.359" errors="0">
  <testcase name="CreateBusinessExpensewithPDFReceipt" time="106.359" classname="testCases_Mozilla.Create_Business_Expense_with_PDF_Receipt"/>
</testsuite> <!-- testCases_Mozilla.Create_Business_Expense_with_PDF_Receipt -->
