<?xml version="1.0" encoding="UTF-8"?>
<!-- Generated by org.testng.reporters.JUnitReportReporter -->
<testsuite hostname="AQQA-02" name="testCases_IE.Login_to_SOLO" tests="1" failures="0" timestamp="1 Aug 2016 05:48:33 GMT" time="51.397" errors="0">
  <testcase name="LoginLogout" time="51.397" classname="testCases_IE.Login_to_SOLO"/>
</testsuite> <!-- testCases_IE.Login_to_SOLO -->
