<?xml version="1.0" encoding="UTF-8"?>
<!-- Generated by org.testng.reporters.JUnitReportReporter -->
<testsuite hostname="AQQA-02" name="testCases_Chrome.Login_to_SOLO" tests="1" failures="0" timestamp="1 Aug 2016 05:48:33 GMT" time="43.832" errors="0">
  <testcase name="LoginLogout" time="43.832" classname="testCases_Chrome.Login_to_SOLO"/>
</testsuite> <!-- testCases_Chrome.Login_to_SOLO -->
