<?xml version="1.0" encoding="UTF-8"?>
<!-- Generated by org.testng.reporters.JUnitReportReporter -->
<testsuite hostname="AQQA-02" name="testCases_Chrome.TC007_Create_Business_Expense_with_PNG_Receipt" tests="1" failures="0" timestamp="10 Mar 2017 15:53:47 GMT" time="100.025" errors="0">
  <testcase name="CreateBusinessExpensewithPNGReceipt" time="100.025" classname="testCases_Chrome.TC007_Create_Business_Expense_with_PNG_Receipt"/>
</testsuite> <!-- testCases_Chrome.TC007_Create_Business_Expense_with_PNG_Receipt -->
