<?xml version="1.0" encoding="UTF-8"?>
<!-- Generated by org.testng.reporters.JUnitReportReporter -->
<testsuite hostname="AQQA-02" name="testCases_Chrome.Create_Business_Expense_HotelAndLodging" tests="1" failures="0" timestamp="1 Aug 2016 05:48:33 GMT" time="74.412" errors="0">
  <testcase name="CreateBusinessExpense_HotelAndLodging" time="74.412" classname="testCases_Chrome.Create_Business_Expense_HotelAndLodging"/>
</testsuite> <!-- testCases_Chrome.Create_Business_Expense_HotelAndLodging -->
