<?xml version="1.0" encoding="UTF-8"?>
<!-- Generated by org.testng.reporters.JUnitReportReporter -->
<testsuite hostname="AQQA-02" name="testCases_Mozilla.TC006_Create_Business_Expense_with_PDF_Receipt" tests="1" failures="0" timestamp="3 Apr 2017 11:04:50 GMT" time="117.609" errors="0">
  <testcase name="CreateBusinessExpensewithPDFReceipt" time="117.609" classname="testCases_Mozilla.TC006_Create_Business_Expense_with_PDF_Receipt"/>
</testsuite> <!-- testCases_Mozilla.TC006_Create_Business_Expense_with_PDF_Receipt -->
