<?xml version="1.0" encoding="UTF-8"?>
<!-- Generated by org.testng.reporters.JUnitReportReporter -->
<testsuite hostname="AQQA-02" name="testCases_Mozilla.TC007_Create_Business_Expense_with_PNG_Receipt" tests="1" failures="0" timestamp="3 Apr 2017 11:07:18 GMT" time="120.513" errors="0">
  <testcase name="CreateBusinessExpensewithPNGReceipt" time="120.513" classname="testCases_Mozilla.TC007_Create_Business_Expense_with_PNG_Receipt"/>
</testsuite> <!-- testCases_Mozilla.TC007_Create_Business_Expense_with_PNG_Receipt -->
