<?xml version="1.0" encoding="UTF-8"?>
<!-- Generated by org.testng.reporters.JUnitReportReporter -->
<testsuite hostname="AQQA-02" name="testCases_Mozilla.TC010_Create_Personal_Expense_with_PDF_Receipt" tests="1" failures="0" timestamp="10 Mar 2017 15:53:47 GMT" time="88.215" errors="0">
  <testcase name="CreatePersonalExpensewithPDFReceipt" time="88.215" classname="testCases_Mozilla.TC010_Create_Personal_Expense_with_PDF_Receipt"/>
</testsuite> <!-- testCases_Mozilla.TC010_Create_Personal_Expense_with_PDF_Receipt -->
