<?xml version="1.0" encoding="UTF-8"?>
<!-- Generated by org.testng.reporters.JUnitReportReporter -->
<testsuite hostname="AQQA-02" name="testCases_Chrome.TC008_Create_Business_Expense_with_PDF_PNG_Receipt" tests="1" failures="0" timestamp="10 Mar 2017 15:53:46 GMT" time="110.422" errors="0">
  <testcase name="CreateBusinessExpensewithPDFandPNGReceipt" time="110.422" classname="testCases_Chrome.TC008_Create_Business_Expense_with_PDF_PNG_Receipt"/>
</testsuite> <!-- testCases_Chrome.TC008_Create_Business_Expense_with_PDF_PNG_Receipt -->
