<?xml version="1.0" encoding="UTF-8"?>
<!-- Generated by org.testng.reporters.JUnitReportReporter -->
<testsuite hostname="AQQA-02" name="testCases_Chrome.TC006_Create_Business_Expense_with_PDF_Receipt" tests="1" failures="0" timestamp="10 Mar 2017 15:53:47 GMT" time="111.864" errors="0">
  <testcase name="CreateBusinessExpensewithPDFReceipt" time="111.864" classname="testCases_Chrome.TC006_Create_Business_Expense_with_PDF_Receipt"/>
</testsuite> <!-- testCases_Chrome.TC006_Create_Business_Expense_with_PDF_Receipt -->
