<?xml version="1.0" encoding="UTF-8"?>
<!-- Generated by org.testng.reporters.JUnitReportReporter -->
<testsuite hostname="AQQA-02" name="testCases.Create_Personal_Expense_with_PDF_PNG_Receipt" tests="1" failures="0" timestamp="25 Jul 2016 12:43:16 GMT" time="143.160" errors="0">
  <testcase name="CreatePersonalExpensewithPDFandPNGReceipt" time="143.160" classname="testCases.Create_Personal_Expense_with_PDF_PNG_Receipt"/>
</testsuite> <!-- testCases.Create_Personal_Expense_with_PDF_PNG_Receipt -->
