<?xml version="1.0" encoding="UTF-8"?>
<!-- Generated by org.testng.reporters.JUnitReportReporter -->
<testsuite hostname="AQQA-02" name="testCases_Chrome.Create_Business_Expense_EntertainmentClient" tests="1" failures="0" timestamp="1 Aug 2016 05:48:33 GMT" time="61.164" errors="0">
  <testcase name="CreateBusinessExpense_EntertainmentClient" time="61.164" classname="testCases_Chrome.Create_Business_Expense_EntertainmentClient"/>
</testsuite> <!-- testCases_Chrome.Create_Business_Expense_EntertainmentClient -->
