<?xml version="1.0" encoding="UTF-8"?>
<!-- Generated by org.testng.reporters.JUnitReportReporter -->
<testsuite hostname="AQQA-02" name="testCases_Mozilla.TC004_Create_Business_Expense_EntertainmentClient" tests="1" failures="0" timestamp="3 Apr 2017 11:12:20 GMT" time="64.648" errors="0">
  <testcase name="CreateBusinessExpense_EntertainmentClient" time="64.648" classname="testCases_Mozilla.TC004_Create_Business_Expense_EntertainmentClient"/>
</testsuite> <!-- testCases_Mozilla.TC004_Create_Business_Expense_EntertainmentClient -->
