<?xml version="1.0" encoding="UTF-8"?>
<!-- Generated by org.testng.reporters.JUnitReportReporter -->
<testsuite hostname="AQQA-02" name="testCases_Chrome.Create_Business_Expense_with_PDF_PNG_Receipt" tests="1" failures="0" timestamp="1 Aug 2016 05:48:33 GMT" time="115.021" errors="0">
  <testcase name="CreateBusinessExpensewithPDFandPNGReceipt" time="115.021" classname="testCases_Chrome.Create_Business_Expense_with_PDF_PNG_Receipt"/>
</testsuite> <!-- testCases_Chrome.Create_Business_Expense_with_PDF_PNG_Receipt -->
