<?xml version="1.0" encoding="UTF-8"?>
<!-- Generated by org.testng.reporters.JUnitReportReporter -->
<testsuite hostname="AQQA-02" name="testCases_Mozilla.TC008_Create_Business_Expense_with_PDF_PNG_Receipt" tests="1" failures="0" timestamp="3 Apr 2017 11:11:00 GMT" time="97.471" errors="0">
  <testcase name="CreateBusinessExpensewithPDFandPNGReceipt" time="97.471" classname="testCases_Mozilla.TC008_Create_Business_Expense_with_PDF_PNG_Receipt"/>
</testsuite> <!-- testCases_Mozilla.TC008_Create_Business_Expense_with_PDF_PNG_Receipt -->
