<?xml version="1.0" encoding="UTF-8"?>
<!-- Generated by org.testng.reporters.JUnitReportReporter -->
<testsuite hostname="AQQA-02" name="testCases_IE.TC010_Create_Personal_Expense_with_PDF_Receipt" tests="1" failures="0" timestamp="10 Mar 2017 15:53:46 GMT" time="78.116" errors="0">
  <testcase name="CreatePersonalExpensewithPDFReceipt" time="78.116" classname="testCases_IE.TC010_Create_Personal_Expense_with_PDF_Receipt"/>
</testsuite> <!-- testCases_IE.TC010_Create_Personal_Expense_with_PDF_Receipt -->
