<?xml version="1.0" encoding="UTF-8"?>
<!-- Generated by org.testng.reporters.JUnitReportReporter -->
<testsuite hostname="AQQA-02" name="testCases.Create_Personal_Expense" tests="1" failures="0" timestamp="25 Jul 2016 12:43:16 GMT" time="99.423" errors="0">
  <testcase name="CreatePeronalExpense" time="99.423" classname="testCases.Create_Personal_Expense"/>
</testsuite> <!-- testCases.Create_Personal_Expense -->
