<?xml version="1.0" encoding="UTF-8"?>
<!-- Generated by org.testng.reporters.JUnitReportReporter -->
<testsuite hostname="AQQA-02" name="SendMail.Reporting" tests="1" failures="0" timestamp="4 Apr 2017 04:45:54 GMT" time="17.582" errors="0">
  <testcase name="SendReport" time="17.582" classname="SendMail.Reporting"/>
</testsuite> <!-- SendMail.Reporting -->
