<?xml version="1.0" encoding="UTF-8"?>
<!-- Generated by org.testng.reporters.JUnitReportReporter -->
<testsuite hostname="AQQA-02" name="testCases_IE.Create_Business_Expense" tests="1" failures="0" timestamp="1 Aug 2016 05:48:33 GMT" time="81.339" errors="0">
  <testcase name="CreateBusinessExpense" time="81.339" classname="testCases_IE.Create_Business_Expense"/>
</testsuite> <!-- testCases_IE.Create_Business_Expense -->
