<?xml version="1.0" encoding="UTF-8"?>
<!-- Generated by org.testng.reporters.JUnitReportReporter -->
<testsuite hostname="LAPTOP-D0EUV54V" failures="0" tests="1" name="utility.LoginData" time="0.560" errors="0" timestamp="2020-01-15T17:08:11 IST" skipped="0">
  <testcase classname="utility.LoginData" name="datafromExcel" time="0.560"/>
</testsuite> <!-- utility.LoginData -->
