<?xml version="1.0" encoding="UTF-8"?>
<!-- Generated by org.testng.reporters.JUnitReportReporter -->
<testsuite hostname="LAPTOP-D0EUV54V" failures="0" tests="3" name="testpackage.UserLogin" time="54.306" errors="0" timestamp="2020-01-21T12:34:04 IST" skipped="0">
  <testcase classname="testpackage.UserLogin" name="loginCred" time="18.545"/>
  <testcase classname="testpackage.UserLogin" name="loginCred" time="17.766"/>
  <testcase classname="testpackage.UserLogin" name="loginCred" time="17.995"/>
</testsuite> <!-- testpackage.UserLogin -->
