<?xml version="1.0" encoding="UTF-8"?>
<!-- Generated by org.testng.reporters.JUnitReportReporter -->
<testsuite hostname="LAPTOP-D0EUV54V" failures="0" tests="10" name="testpackage.InvocationCount" time="0.040" errors="0" timestamp="2020-01-20T16:53:36 IST" skipped="0">
  <testcase classname="testpackage.InvocationCount" name="multipleTime" time="0.004"/>
  <testcase classname="testpackage.InvocationCount" name="multipleTime" time="0.004"/>
  <testcase classname="testpackage.InvocationCount" name="multipleTime" time="0.004"/>
  <testcase classname="testpackage.InvocationCount" name="multipleTime" time="0.006"/>
  <testcase classname="testpackage.InvocationCount" name="multipleTime" time="0.001"/>
  <testcase classname="testpackage.InvocationCount" name="multipleTime" time="0.002"/>
  <testcase classname="testpackage.InvocationCount" name="multipleTime" time="0.001"/>
  <testcase classname="testpackage.InvocationCount" name="multipleTime" time="0.004"/>
  <testcase classname="testpackage.InvocationCount" name="multipleTime" time="0.005"/>
  <testcase classname="testpackage.InvocationCount" name="multipleTime" time="0.009"/>
</testsuite> <!-- testpackage.InvocationCount -->
