<?xml version="1.0" encoding="UTF-8"?>
<!-- Generated by org.testng.reporters.JUnitReportReporter -->
<testsuite hostname="LAPTOP-D0EUV54V" failures="0" tests="2" name="testpackage.AssertTest" time="36.601" errors="0" timestamp="2020-01-20T16:53:36 IST" skipped="0">
  <testcase classname="testpackage.AssertTest" name="titleTest" time="14.257"/>
  <testcase classname="testpackage.AssertTest" name="chkAssert" time="22.344"/>
</testsuite> <!-- testpackage.AssertTest -->
