<?xml version="1.0" encoding="UTF-8"?>
<!-- Generated by org.testng.reporters.JUnitReportReporter -->
<testsuite hostname="LAPTOP-D0EUV54V" failures="0" tests="2" name="testpackage.TestNGBasics" time="0.010" errors="0" timestamp="2020-01-20T16:53:36 IST" skipped="0">
  <testcase classname="testpackage.TestNGBasics" name="searchText" time="0.006"/>
  <testcase classname="testpackage.TestNGBasics" name="testOnly" time="0.004"/>
</testsuite> <!-- testpackage.TestNGBasics -->
